2022-09-20 15:12:37 [INFO][restartedMain][c.b.b.BookstoreUserApplication:55] Starting BookstoreUserApplication using Java 18.0.1.1 on LAPTOP-JRA6ULBK with PID 11240 (C:\Users\srava\IdeaProjects\bookstore_user\target\classes started by srava in C:\Users\srava\IdeaProjects\bookstore_user)
2022-09-20 15:12:37 [INFO][restartedMain][c.b.b.BookstoreUserApplication:640] The following 1 profile is active: "dev"
2022-09-20 15:12:39 [INFO][restartedMain][o.s.b.d.e.DevToolsPropertyDefaultsPostProcessor:255] Devtools property defaults active! Set 'spring.devtools.add-properties' to 'false' to disable
2022-09-20 15:12:39 [INFO][restartedMain][o.s.b.d.e.DevToolsPropertyDefaultsPostProcessor:255] For additional web related logging consider setting the 'logging.level.web' property to 'DEBUG'
2022-09-20 15:12:55 [INFO][restartedMain][o.s.d.r.c.RepositoryConfigurationDelegate:132] Bootstrapping Spring Data JPA repositories in DEFAULT mode.
2022-09-20 15:12:56 [INFO][restartedMain][o.s.d.r.c.RepositoryConfigurationDelegate:201] Finished Spring Data repository scanning in 842 ms. Found 1 JPA repository interfaces.
2022-09-20 15:13:08 [INFO][restartedMain][o.s.b.w.e.t.TomcatWebServer:108] Tomcat initialized with port(s): 8080 (http)
2022-09-20 15:13:08 [INFO][restartedMain][o.a.c.c.StandardService:173] Starting service [Tomcat]
2022-09-20 15:13:08 [INFO][restartedMain][o.a.c.c.StandardEngine:173] Starting Servlet engine: [Apache Tomcat/9.0.65]
2022-09-20 15:13:09 [INFO][restartedMain][o.a.c.c.C.[.[.[/]:173] Initializing Spring embedded WebApplicationContext
2022-09-20 15:13:09 [INFO][restartedMain][o.s.b.w.s.c.ServletWebServerApplicationContext:292] Root WebApplicationContext: initialization completed in 30099 ms
2022-09-20 15:13:12 [INFO][restartedMain][o.h.j.i.u.LogHelper:31] HHH000204: Processing PersistenceUnitInfo [name: default]
2022-09-20 15:13:14 [INFO][restartedMain][o.h.Version:44] HHH000412: Hibernate ORM core version 5.6.10.Final
2022-09-20 15:13:17 [INFO][restartedMain][o.h.a.c.Version:56] HCANN000001: Hibernate Commons Annotations {5.1.2.Final}
2022-09-20 15:13:19 [INFO][restartedMain][c.z.h.HikariDataSource:110] HikariPool-1 - Starting...
2022-09-20 15:13:42 [INFO][restartedMain][c.z.h.HikariDataSource:123] HikariPool-1 - Start completed.
2022-09-20 15:13:42 [INFO][restartedMain][o.h.d.Dialect:175] HHH000400: Using dialect: org.hibernate.dialect.MySQL8Dialect
2022-09-20 15:13:55 [INFO][restartedMain][o.h.e.t.j.p.i.JtaPlatformInitiator:52] HHH000490: Using JtaPlatform implementation: [org.hibernate.engine.transaction.jta.platform.internal.NoJtaPlatform]
2022-09-20 15:13:55 [INFO][restartedMain][o.s.o.j.LocalContainerEntityManagerFactoryBean:437] Initialized JPA EntityManagerFactory for persistence unit 'default'
2022-09-20 15:13:57 [WARN][restartedMain][o.s.b.a.o.j.JpaBaseConfiguration$JpaWebConfiguration:219] spring.jpa.open-in-view is enabled by default. Therefore, database queries may be performed during view rendering. Explicitly configure spring.jpa.open-in-view to disable this warning
2022-09-20 15:14:01 [INFO][restartedMain][o.s.b.d.a.OptionalLiveReloadServer:59] LiveReload server is running on port 35729
2022-09-20 15:14:01 [INFO][restartedMain][o.s.b.w.e.t.TomcatWebServer:220] Tomcat started on port(s): 8080 (http) with context path ''
2022-09-20 15:14:02 [INFO][restartedMain][c.b.b.BookstoreUserApplication:61] Started BookstoreUserApplication in 94.852 seconds (JVM running for 173.041)
2022-09-20 15:18:29 [INFO][http-nio-8080-exec-2][o.a.c.c.C.[.[.[/]:173] Initializing Spring DispatcherServlet 'dispatcherServlet'
2022-09-20 15:18:29 [INFO][http-nio-8080-exec-2][o.s.w.s.DispatcherServlet:525] Initializing Servlet 'dispatcherServlet'
2022-09-20 15:18:29 [INFO][http-nio-8080-exec-2][o.s.w.s.DispatcherServlet:547] Completed initialization in 13 ms
2022-09-20 15:31:03 [INFO][File Watcher][o.s.b.d.a.LocalDevToolsAutoConfiguration$RestartingClassPathChangeChangedEventListener:213] Restarting due to 1 class path change (0 additions, 1 deletion, 0 modifications)
2022-09-20 15:31:12 [INFO][Thread-5][o.a.c.c.StandardService:173] Stopping service [Tomcat]
2022-09-20 15:31:12 [INFO][Thread-5][o.a.c.c.C.[.[.[/]:173] Destroying Spring FrameworkServlet 'dispatcherServlet'
2022-09-20 15:31:13 [INFO][Thread-5][o.s.o.j.LocalContainerEntityManagerFactoryBean:651] Closing JPA EntityManagerFactory for persistence unit 'default'
2022-09-20 15:31:15 [INFO][Thread-5][c.z.h.HikariDataSource:350] HikariPool-1 - Shutdown initiated...
2022-09-20 15:31:19 [INFO][Thread-5][c.z.h.HikariDataSource:352] HikariPool-1 - Shutdown completed.
2022-09-20 15:31:49 [INFO][restartedMain][c.b.b.BookstoreUserApplication:55] Starting BookstoreUserApplication using Java 18.0.1.1 on LAPTOP-JRA6ULBK with PID 11240 (C:\Users\srava\IdeaProjects\bookstore_user\target\classes started by srava in C:\Users\srava\IdeaProjects\bookstore_user)
2022-09-20 15:31:49 [INFO][restartedMain][c.b.b.BookstoreUserApplication:640] The following 1 profile is active: "dev"
2022-09-20 15:32:04 [INFO][restartedMain][o.s.d.r.c.RepositoryConfigurationDelegate:132] Bootstrapping Spring Data JPA repositories in DEFAULT mode.
2022-09-20 15:32:04 [INFO][restartedMain][o.s.d.r.c.RepositoryConfigurationDelegate:201] Finished Spring Data repository scanning in 301 ms. Found 1 JPA repository interfaces.
2022-09-20 15:32:06 [INFO][restartedMain][o.s.b.w.e.t.TomcatWebServer:108] Tomcat initialized with port(s): 8080 (http)
2022-09-20 15:32:06 [INFO][restartedMain][o.a.c.c.StandardService:173] Starting service [Tomcat]
2022-09-20 15:32:06 [INFO][restartedMain][o.a.c.c.StandardEngine:173] Starting Servlet engine: [Apache Tomcat/9.0.65]
2022-09-20 15:32:07 [INFO][restartedMain][o.a.c.c.C.[.[.[/]:173] Initializing Spring embedded WebApplicationContext
2022-09-20 15:32:07 [INFO][restartedMain][o.s.b.w.s.c.ServletWebServerApplicationContext:292] Root WebApplicationContext: initialization completed in 17700 ms
2022-09-20 15:32:07 [INFO][restartedMain][o.h.j.i.u.LogHelper:31] HHH000204: Processing PersistenceUnitInfo [name: default]
2022-09-20 15:32:07 [INFO][restartedMain][c.z.h.HikariDataSource:110] HikariPool-2 - Starting...
2022-09-20 15:32:14 [INFO][restartedMain][c.z.h.HikariDataSource:123] HikariPool-2 - Start completed.
2022-09-20 15:32:14 [INFO][restartedMain][o.h.d.Dialect:175] HHH000400: Using dialect: org.hibernate.dialect.MySQL8Dialect
2022-09-20 15:32:46 [INFO][restartedMain][o.h.e.t.j.p.i.JtaPlatformInitiator:52] HHH000490: Using JtaPlatform implementation: [org.hibernate.engine.transaction.jta.platform.internal.NoJtaPlatform]
2022-09-20 15:32:46 [INFO][restartedMain][o.s.o.j.LocalContainerEntityManagerFactoryBean:437] Initialized JPA EntityManagerFactory for persistence unit 'default'
2022-09-20 15:32:54 [WARN][restartedMain][o.s.b.a.o.j.JpaBaseConfiguration$JpaWebConfiguration:219] spring.jpa.open-in-view is enabled by default. Therefore, database queries may be performed during view rendering. Explicitly configure spring.jpa.open-in-view to disable this warning
2022-09-20 15:32:56 [INFO][restartedMain][o.s.b.d.a.OptionalLiveReloadServer:59] LiveReload server is running on port 35729
2022-09-20 15:32:58 [INFO][restartedMain][o.s.b.w.e.t.TomcatWebServer:220] Tomcat started on port(s): 8080 (http) with context path ''
2022-09-20 15:32:58 [INFO][restartedMain][c.b.b.BookstoreUserApplication:61] Started BookstoreUserApplication in 73.729 seconds (JVM running for 1309.704)
2022-09-20 15:32:58 [INFO][restartedMain][o.s.b.d.a.ConditionEvaluationDeltaLoggingListener:63] Condition evaluation unchanged
2022-09-20 15:32:59 [INFO][File Watcher][o.s.b.d.a.LocalDevToolsAutoConfiguration$RestartingClassPathChangeChangedEventListener:213] Restarting due to 1 class path change (1 addition, 0 deletions, 0 modifications)
2022-09-20 15:32:59 [INFO][Thread-7][o.a.c.c.StandardService:173] Stopping service [Tomcat]
2022-09-20 15:32:59 [INFO][Thread-7][o.s.o.j.LocalContainerEntityManagerFactoryBean:651] Closing JPA EntityManagerFactory for persistence unit 'default'
2022-09-20 15:32:59 [INFO][Thread-7][c.z.h.HikariDataSource:350] HikariPool-2 - Shutdown initiated...
2022-09-20 15:32:59 [INFO][Thread-7][c.z.h.HikariDataSource:352] HikariPool-2 - Shutdown completed.
2022-09-20 15:33:01 [INFO][restartedMain][c.b.b.BookstoreUserApplication:55] Starting BookstoreUserApplication using Java 18.0.1.1 on LAPTOP-JRA6ULBK with PID 11240 (C:\Users\srava\IdeaProjects\bookstore_user\target\classes started by srava in C:\Users\srava\IdeaProjects\bookstore_user)
2022-09-20 15:33:01 [INFO][restartedMain][c.b.b.BookstoreUserApplication:640] The following 1 profile is active: "dev"
2022-09-20 15:33:01 [INFO][restartedMain][o.s.d.r.c.RepositoryConfigurationDelegate:132] Bootstrapping Spring Data JPA repositories in DEFAULT mode.
2022-09-20 15:33:01 [INFO][restartedMain][o.s.d.r.c.RepositoryConfigurationDelegate:201] Finished Spring Data repository scanning in 31 ms. Found 1 JPA repository interfaces.
2022-09-20 15:33:01 [INFO][restartedMain][o.s.b.w.e.t.TomcatWebServer:108] Tomcat initialized with port(s): 8080 (http)
2022-09-20 15:33:01 [INFO][restartedMain][o.a.c.c.StandardService:173] Starting service [Tomcat]
2022-09-20 15:33:01 [INFO][restartedMain][o.a.c.c.StandardEngine:173] Starting Servlet engine: [Apache Tomcat/9.0.65]
2022-09-20 15:33:02 [INFO][restartedMain][o.a.c.c.C.[.[.[/]:173] Initializing Spring embedded WebApplicationContext
2022-09-20 15:33:02 [INFO][restartedMain][o.s.b.w.s.c.ServletWebServerApplicationContext:292] Root WebApplicationContext: initialization completed in 1657 ms
2022-09-20 15:33:02 [INFO][restartedMain][o.h.j.i.u.LogHelper:31] HHH000204: Processing PersistenceUnitInfo [name: default]
2022-09-20 15:33:02 [INFO][restartedMain][c.z.h.HikariDataSource:110] HikariPool-3 - Starting...
2022-09-20 15:33:03 [INFO][restartedMain][c.z.h.HikariDataSource:123] HikariPool-3 - Start completed.
2022-09-20 15:33:03 [INFO][restartedMain][o.h.d.Dialect:175] HHH000400: Using dialect: org.hibernate.dialect.MySQL8Dialect
2022-09-20 15:33:11 [INFO][restartedMain][o.h.e.t.j.p.i.JtaPlatformInitiator:52] HHH000490: Using JtaPlatform implementation: [org.hibernate.engine.transaction.jta.platform.internal.NoJtaPlatform]
2022-09-20 15:33:11 [INFO][restartedMain][o.s.o.j.LocalContainerEntityManagerFactoryBean:437] Initialized JPA EntityManagerFactory for persistence unit 'default'
2022-09-20 15:33:12 [WARN][restartedMain][o.s.b.a.o.j.JpaBaseConfiguration$JpaWebConfiguration:219] spring.jpa.open-in-view is enabled by default. Therefore, database queries may be performed during view rendering. Explicitly configure spring.jpa.open-in-view to disable this warning
2022-09-20 15:33:12 [INFO][restartedMain][o.s.b.d.a.OptionalLiveReloadServer:59] LiveReload server is running on port 35729
2022-09-20 15:33:12 [INFO][restartedMain][o.s.b.w.e.t.TomcatWebServer:220] Tomcat started on port(s): 8080 (http) with context path ''
2022-09-20 15:33:12 [INFO][restartedMain][c.b.b.BookstoreUserApplication:61] Started BookstoreUserApplication in 11.828 seconds (JVM running for 1323.73)
2022-09-20 15:33:12 [INFO][restartedMain][o.s.b.d.a.ConditionEvaluationDeltaLoggingListener:63] Condition evaluation unchanged
2022-09-20 15:44:21 [INFO][SpringApplicationShutdownHook][o.s.o.j.LocalContainerEntityManagerFactoryBean:651] Closing JPA EntityManagerFactory for persistence unit 'default'
2022-09-20 15:44:23 [INFO][SpringApplicationShutdownHook][c.z.h.HikariDataSource:350] HikariPool-3 - Shutdown initiated...
2022-09-20 15:44:26 [INFO][SpringApplicationShutdownHook][c.z.h.HikariDataSource:352] HikariPool-3 - Shutdown completed.
2022-09-20 22:18:39 [INFO][restartedMain][c.b.b.BookstoreUserApplication:55] Starting BookstoreUserApplication using Java 18.0.1.1 on LAPTOP-JRA6ULBK with PID 12676 (C:\Users\srava\IdeaProjects\bookstore_user\target\classes started by srava in C:\Users\srava\IdeaProjects\bookstore_user)
2022-09-20 22:18:40 [INFO][restartedMain][c.b.b.BookstoreUserApplication:640] The following 1 profile is active: "dev"
2022-09-20 22:18:41 [INFO][restartedMain][o.s.b.d.e.DevToolsPropertyDefaultsPostProcessor:255] Devtools property defaults active! Set 'spring.devtools.add-properties' to 'false' to disable
2022-09-20 22:18:41 [INFO][restartedMain][o.s.b.d.e.DevToolsPropertyDefaultsPostProcessor:255] For additional web related logging consider setting the 'logging.level.web' property to 'DEBUG'
2022-09-20 22:18:56 [INFO][restartedMain][o.s.d.r.c.RepositoryConfigurationDelegate:132] Bootstrapping Spring Data JPA repositories in DEFAULT mode.
2022-09-20 22:18:57 [INFO][restartedMain][o.s.d.r.c.RepositoryConfigurationDelegate:201] Finished Spring Data repository scanning in 716 ms. Found 1 JPA repository interfaces.
2022-09-20 22:19:07 [INFO][restartedMain][o.s.b.w.e.t.TomcatWebServer:108] Tomcat initialized with port(s): 8080 (http)
2022-09-20 22:19:07 [INFO][restartedMain][o.a.c.c.StandardService:173] Starting service [Tomcat]
2022-09-20 22:19:07 [INFO][restartedMain][o.a.c.c.StandardEngine:173] Starting Servlet engine: [Apache Tomcat/9.0.65]
2022-09-20 22:19:08 [INFO][restartedMain][o.a.c.c.C.[.[.[/]:173] Initializing Spring embedded WebApplicationContext
2022-09-20 22:19:08 [INFO][restartedMain][o.s.b.w.s.c.ServletWebServerApplicationContext:292] Root WebApplicationContext: initialization completed in 26680 ms
2022-09-20 22:19:11 [INFO][restartedMain][o.h.j.i.u.LogHelper:31] HHH000204: Processing PersistenceUnitInfo [name: default]
2022-09-20 22:19:12 [INFO][restartedMain][o.h.Version:44] HHH000412: Hibernate ORM core version 5.6.10.Final
2022-09-20 22:19:15 [INFO][restartedMain][o.h.a.c.Version:56] HCANN000001: Hibernate Commons Annotations {5.1.2.Final}
2022-09-20 22:19:17 [INFO][restartedMain][c.z.h.HikariDataSource:110] HikariPool-1 - Starting...
2022-09-20 22:19:48 [INFO][restartedMain][c.z.h.HikariDataSource:123] HikariPool-1 - Start completed.
2022-09-20 22:19:49 [INFO][restartedMain][o.h.d.Dialect:175] HHH000400: Using dialect: org.hibernate.dialect.MySQL8Dialect
2022-09-20 22:20:09 [INFO][restartedMain][o.h.e.t.j.p.i.JtaPlatformInitiator:52] HHH000490: Using JtaPlatform implementation: [org.hibernate.engine.transaction.jta.platform.internal.NoJtaPlatform]
2022-09-20 22:20:09 [INFO][restartedMain][o.s.o.j.LocalContainerEntityManagerFactoryBean:437] Initialized JPA EntityManagerFactory for persistence unit 'default'
2022-09-20 22:20:12 [WARN][restartedMain][o.s.b.a.o.j.JpaBaseConfiguration$JpaWebConfiguration:219] spring.jpa.open-in-view is enabled by default. Therefore, database queries may be performed during view rendering. Explicitly configure spring.jpa.open-in-view to disable this warning
2022-09-20 22:20:16 [INFO][restartedMain][o.s.b.d.a.OptionalLiveReloadServer:59] LiveReload server is running on port 35729
2022-09-20 22:20:17 [INFO][restartedMain][o.s.b.w.e.t.TomcatWebServer:220] Tomcat started on port(s): 8080 (http) with context path ''
2022-09-20 22:20:17 [INFO][restartedMain][c.b.b.BookstoreUserApplication:61] Started BookstoreUserApplication in 116.845 seconds (JVM running for 149.014)
2022-09-20 22:20:56 [INFO][http-nio-8080-exec-1][o.a.c.c.C.[.[.[/]:173] Initializing Spring DispatcherServlet 'dispatcherServlet'
2022-09-20 22:20:56 [INFO][http-nio-8080-exec-1][o.s.w.s.DispatcherServlet:525] Initializing Servlet 'dispatcherServlet'
2022-09-20 22:20:56 [INFO][http-nio-8080-exec-1][o.s.w.s.DispatcherServlet:547] Completed initialization in 4 ms
2022-09-20 22:20:57 [WARN][http-nio-8080-exec-1][o.s.w.s.m.s.DefaultHandlerExceptionResolver:208] Resolved [org.springframework.http.converter.HttpMessageNotReadableException: JSON parse error: Cannot deserialize value of type `java.time.LocalDate` from String "03-12-93": Failed to deserialize java.time.LocalDate: (java.time.format.DateTimeParseException) Text '03-12-93' could not be parsed at index 0; nested exception is com.fasterxml.jackson.databind.exc.InvalidFormatException: Cannot deserialize value of type `java.time.LocalDate` from String "03-12-93": Failed to deserialize java.time.LocalDate: (java.time.format.DateTimeParseException) Text '03-12-93' could not be parsed at index 0<EOL> at [Source: (org.springframework.util.StreamUtils$NonClosingInputStream); line: 6, column: 15] (through reference chain: com.bridgelabz.bookstore_user.dto.UserDTO["dob"])]
2022-09-20 22:21:29 [WARN][http-nio-8080-exec-4][o.s.w.s.m.s.DefaultHandlerExceptionResolver:208] Resolved [org.springframework.http.converter.HttpMessageNotReadableException: JSON parse error: Cannot deserialize value of type `java.time.LocalDate` from String "03-12-93": Failed to deserialize java.time.LocalDate: (java.time.format.DateTimeParseException) Text '03-12-93' could not be parsed at index 0; nested exception is com.fasterxml.jackson.databind.exc.InvalidFormatException: Cannot deserialize value of type `java.time.LocalDate` from String "03-12-93": Failed to deserialize java.time.LocalDate: (java.time.format.DateTimeParseException) Text '03-12-93' could not be parsed at index 0<EOL> at [Source: (org.springframework.util.StreamUtils$NonClosingInputStream); line: 6, column: 15] (through reference chain: com.bridgelabz.bookstore_user.dto.UserDTO["dob"])]
2022-09-20 22:21:49 [WARN][http-nio-8080-exec-6][o.s.w.s.m.s.DefaultHandlerExceptionResolver:208] Resolved [org.springframework.http.converter.HttpMessageNotReadableException: JSON parse error: Cannot deserialize value of type `java.time.LocalDate` from String "03-12-93": Failed to deserialize java.time.LocalDate: (java.time.format.DateTimeParseException) Text '03-12-93' could not be parsed at index 0; nested exception is com.fasterxml.jackson.databind.exc.InvalidFormatException: Cannot deserialize value of type `java.time.LocalDate` from String "03-12-93": Failed to deserialize java.time.LocalDate: (java.time.format.DateTimeParseException) Text '03-12-93' could not be parsed at index 0<EOL> at [Source: (org.springframework.util.StreamUtils$NonClosingInputStream); line: 6, column: 15] (through reference chain: com.bridgelabz.bookstore_user.dto.UserDTO["dob"])]
2022-09-20 22:23:10 [WARN][http-nio-8080-exec-8][o.s.w.s.m.s.DefaultHandlerExceptionResolver:208] Resolved [org.springframework.http.converter.HttpMessageNotReadableException: JSON parse error: Cannot deserialize value of type `java.time.LocalDate` from String "03-12-1993": Failed to deserialize java.time.LocalDate: (java.time.format.DateTimeParseException) Text '03-12-1993' could not be parsed at index 0; nested exception is com.fasterxml.jackson.databind.exc.InvalidFormatException: Cannot deserialize value of type `java.time.LocalDate` from String "03-12-1993": Failed to deserialize java.time.LocalDate: (java.time.format.DateTimeParseException) Text '03-12-1993' could not be parsed at index 0<EOL> at [Source: (org.springframework.util.StreamUtils$NonClosingInputStream); line: 6, column: 15] (through reference chain: com.bridgelabz.bookstore_user.dto.UserDTO["dob"])]
2022-09-20 22:23:14 [WARN][http-nio-8080-exec-9][o.s.w.s.m.s.DefaultHandlerExceptionResolver:208] Resolved [org.springframework.http.converter.HttpMessageNotReadableException: JSON parse error: Cannot deserialize value of type `java.time.LocalDate` from String "03-12-1993": Failed to deserialize java.time.LocalDate: (java.time.format.DateTimeParseException) Text '03-12-1993' could not be parsed at index 0; nested exception is com.fasterxml.jackson.databind.exc.InvalidFormatException: Cannot deserialize value of type `java.time.LocalDate` from String "03-12-1993": Failed to deserialize java.time.LocalDate: (java.time.format.DateTimeParseException) Text '03-12-1993' could not be parsed at index 0<EOL> at [Source: (org.springframework.util.StreamUtils$NonClosingInputStream); line: 6, column: 15] (through reference chain: com.bridgelabz.bookstore_user.dto.UserDTO["dob"])]
2022-09-20 22:30:37 [WARN][http-nio-8080-exec-4][o.s.w.s.m.s.DefaultHandlerExceptionResolver:208] Resolved [org.springframework.web.bind.MissingServletRequestParameterException: Required request parameter 'email' for method parameter type String is not present]
2022-09-20 22:32:30 [INFO][SpringApplicationShutdownHook][o.s.o.j.LocalContainerEntityManagerFactoryBean:651] Closing JPA EntityManagerFactory for persistence unit 'default'
2022-09-20 22:32:30 [INFO][SpringApplicationShutdownHook][c.z.h.HikariDataSource:350] HikariPool-1 - Shutdown initiated...
2022-09-20 22:32:31 [INFO][SpringApplicationShutdownHook][c.z.h.HikariDataSource:352] HikariPool-1 - Shutdown completed.
